runtime error: Cannot execute null.SeasonsCneck().
proc name: SeasonsCneck (/proc/SeasonsCneck)
  source file: Seasons.dm,7
  usr: (src)
  src: null
  call stack:
SeasonsCneck()
Night()
NightChange()
world: New()
world: New()
world: New()

Webclient users can visit this address to play:
http://www.byond.com/play/209.107.212.189:57911

Sat Sep 24 20:33:31 2016
runtime error: Cannot execute null.SeasonsCneck().
proc name: SeasonsCneck (/proc/SeasonsCneck)
  source file: Seasons.dm,7
  usr: (src)
  src: null
  call stack:
SeasonsCneck()
Night()
runtime error: Cannot execute null.LimbFling().
proc name: Attack (/mob/proc/Attack)
  source file: Combats2.dm,946
  usr: (src)
  src: {NPC Kobolds} Smag Trickster (/mob/Monsters/Kobold/NPC/Scout)
  src.loc: Snow (945,763,1) (/turf/grounds/grass)
  call stack:
{NPC Kobolds} Smag Trickster (/mob/Monsters/Kobold/NPC/Scout): Attack(null)
{NPC Kobolds} Smag Trickster (/mob/Monsters/Kobold/NPC/Scout): Combats(null)
{NPC Kobolds} Smag Trickster (/mob/Monsters/Kobold/NPC/Scout): Bump(null)
{NPC Kobolds} Smag Trickster (/mob/Monsters/Kobold/NPC/Scout): RandomWalk(1)
{NPC Kobolds} Smag Trickster (/mob/Monsters/Kobold/NPC/Scout): WalkTo(1)
runtime error: Cannot execute null.SeasonsCneck().
proc name: SeasonsCneck (/proc/SeasonsCneck)
  source file: Seasons.dm,7
  usr: (src)
  src: null
  call stack:
SeasonsCneck()
Night()
NightChange()
world: New()
world: New()
world: New()

Webclient users can visit this address to play:
http://www.byond.com/play/209.107.212.189:57933

Sat Sep 24 20:37:15 2016
runtime error: Cannot execute null.SeasonsCneck().
proc name: SeasonsCneck (/proc/SeasonsCneck)
  source file: Seasons.dm,7
  usr: (src)
  src: null
  call stack:
SeasonsCneck()
Night()
runtime error: Cannot execute null.SeasonsCneck().
proc name: SeasonsCneck (/proc/SeasonsCneck)
  source file: Seasons.dm,7
  usr: (src)
  src: null
  call stack:
SeasonsCneck()
Night()
NightChange()
world: New()
world: New()
world: New()

Webclient users can visit this address to play:
http://www.byond.com/play/209.107.212.189:50866

Sun Sep 25 15:16:35 2016
runtime error: Cannot execute null.SeasonsCneck().
proc name: SeasonsCneck (/proc/SeasonsCneck)
  source file: Seasons.dm,7
  usr: (src)
  src: null
  call stack:
SeasonsCneck()
Night()
NightChange()
world: New()
world: New()
world: New()

Webclient users can visit this address to play:
http://www.byond.com/play/209.107.212.189:57449

Tue Sep 27 00:33:33 2016
runtime error: Cannot execute null.SeasonsCneck().
proc name: SeasonsCneck (/proc/SeasonsCneck)
  source file: Seasons.dm,7
  usr: (src)
  src: null
  call stack:
SeasonsCneck()
Night()
runtime error: Cannot execute null.LimbFling().
proc name: Attack (/mob/proc/Attack)
  source file: Combats2.dm,734
  usr: (src)
  src: {NPC Kobolds} Lum Deg (/mob/Monsters/Kobold/NPC/Scout)
  src.loc: Snow (952,753,1) (/turf/grounds/grass)
  call stack:
{NPC Kobolds} Lum Deg (/mob/Monsters/Kobold/NPC/Scout): Attack(null)
{NPC Kobolds} Lum Deg (/mob/Monsters/Kobold/NPC/Scout): Combats(null)
{NPC Kobolds} Lum Deg (/mob/Monsters/Kobold/NPC/Scout): Bump(null)
{NPC Kobolds} Lum Deg (/mob/Monsters/Kobold/NPC/Scout): RandomWalk(1)
{NPC Kobolds} Lum Deg (/mob/Monsters/Kobold/NPC/Scout): WalkTo(1)
runtime error: Cannot read null.overlays
proc name: Attack (/mob/proc/Attack)
  source file: Combats2.dm,448
  usr: (src)
  src: {NPC Frogmen} Koon Fougdon (/mob/Monsters/Frogman/NPC/Scout)
  src.loc: the marsh (179,744,1) (/turf/grounds/marsh)
  call stack:
{NPC Frogmen} Koon Fougdon (/mob/Monsters/Frogman/NPC/Scout): Attack(null)
runtime error: Cannot execute null.LimbFling().
proc name: Attack (/mob/proc/Attack)
  source file: Combats2.dm,946
  usr: (src)
  src: {NPC Kobolds} Snoter Smorg (/mob/Monsters/Kobold/NPC/Scout)
  src.loc: Snow (966,785,1) (/turf/grounds/grass)
  call stack:
{NPC Kobolds} Snoter Smorg (/mob/Monsters/Kobold/NPC/Scout): Attack(null)
{NPC Kobolds} Snoter Smorg (/mob/Monsters/Kobold/NPC/Scout): Combats(null)
{NPC Kobolds} Snoter Smorg (/mob/Monsters/Kobold/NPC/Scout): Bump(null)
{NPC Kobolds} Snoter Smorg (/mob/Monsters/Kobold/NPC/Scout): RandomWalk(1)
{NPC Kobolds} Snoter Smorg (/mob/Monsters/Kobold/NPC/Scout): WalkTo(1)
runtime error: Cannot execute null.LimbFling().
proc name: Attack (/mob/proc/Attack)
  source file: Combats2.dm,734
  usr: (src)
  src: {NPC Kobolds} Quxlux Po\'log (/mob/Monsters/Kobold/NPC/Scout)
  src.loc: Snow (970,771,1) (/turf/grounds/grass)
  call stack:
{NPC Kobolds} Quxlux Po\'log (/mob/Monsters/Kobold/NPC/Scout): Attack(null)
{NPC Kobolds} Quxlux Po\'log (/mob/Monsters/Kobold/NPC/Scout): Combats(null)
{NPC Kobolds} Quxlux Po\'log (/mob/Monsters/Kobold/NPC/Scout): Bump(null)
{NPC Kobolds} Quxlux Po\'log (/mob/Monsters/Kobold/NPC/Scout): RandomWalk(1)
{NPC Kobolds} Quxlux Po\'log (/mob/Monsters/Kobold/NPC/Scout): WalkTo(1)
runtime error: Cannot execute null.LimbFling().
proc name: Attack (/mob/proc/Attack)
  source file: Combats2.dm,833
  usr: (src)
  src: {NPC Kobolds} Snoter Smorg (/mob/Monsters/Kobold/NPC/Scout)
  src.loc: Snow (975,781,1) (/turf/grounds/grass)
  call stack:
{NPC Kobolds} Snoter Smorg (/mob/Monsters/Kobold/NPC/Scout): Attack(null)
{NPC Kobolds} Snoter Smorg (/mob/Monsters/Kobold/NPC/Scout): Combats(null)
{NPC Kobolds} Snoter Smorg (/mob/Monsters/Kobold/NPC/Scout): Bump(null)
{NPC Kobolds} Snoter Smorg (/mob/Monsters/Kobold/NPC/Scout): RandomWalk(1)
{NPC Kobolds} Snoter Smorg (/mob/Monsters/Kobold/NPC/Scout): WalkTo(1)
runtime error: Cannot execute null.LimbFling().
proc name: Attack (/mob/proc/Attack)
  source file: Combats2.dm,1081
  usr: (src)
  src: {NPC Kobolds} Ug Pukpuk (/mob/Monsters/Kobold/NPC/Scout)
  src.loc: Snow (923,737,1) (/turf/grounds/grass)
  call stack:
{NPC Kobolds} Ug Pukpuk (/mob/Monsters/Kobold/NPC/Scout): Attack(null)
{NPC Kobolds} Ug Pukpuk (/mob/Monsters/Kobold/NPC/Scout): Combats(null)
{NPC Kobolds} Ug Pukpuk (/mob/Monsters/Kobold/NPC/Scout): Bump(null)
{NPC Kobolds} Ug Pukpuk (/mob/Monsters/Kobold/NPC/Scout): RandomWalk(1)
{NPC Kobolds} Ug Pukpuk (/mob/Monsters/Kobold/NPC/Scout): WalkTo(1)
runtime error: Cannot execute null.LimbFling().
proc name: Attack (/mob/proc/Attack)
  source file: Combats2.dm,1081
  usr: (src)
  src: {NPC Kobolds} Rebspa Quickclaw (/mob/Monsters/Kobold/NPC/Scout)
  src.loc: Snow (952,751,1) (/turf/grounds/grass)
  call stack:
{NPC Kobolds} Rebspa Quickclaw (/mob/Monsters/Kobold/NPC/Scout): Attack(null)
{NPC Kobolds} Rebspa Quickclaw (/mob/Monsters/Kobold/NPC/Scout): Combats(null)
{NPC Kobolds} Rebspa Quickclaw (/mob/Monsters/Kobold/NPC/Scout): Bump(null)
{NPC Kobolds} Rebspa Quickclaw (/mob/Monsters/Kobold/NPC/Scout): RandomWalk(1)
{NPC Kobolds} Rebspa Quickclaw (/mob/Monsters/Kobold/NPC/Scout): WalkTo(1)
runtime error: Cannot execute null.LimbFling().
proc name: Attack (/mob/proc/Attack)
  source file: Combats2.dm,946
  usr: (src)
  src: {NPC Kobolds} Rebspa Quickclaw (/mob/Monsters/Kobold/NPC/Scout)
  src.loc: Snow (951,752,1) (/turf/grounds/grass)
  call stack:
{NPC Kobolds} Rebspa Quickclaw (/mob/Monsters/Kobold/NPC/Scout): Attack(null)
{NPC Kobolds} Rebspa Quickclaw (/mob/Monsters/Kobold/NPC/Scout): Combats(null)
{NPC Kobolds} Rebspa Quickclaw (/mob/Monsters/Kobold/NPC/Scout): Bump(null)
{NPC Kobolds} Rebspa Quickclaw (/mob/Monsters/Kobold/NPC/Scout): RandomWalk(1)
{NPC Kobolds} Rebspa Quickclaw (/mob/Monsters/Kobold/NPC/Scout): WalkTo(1)
runtime error: Cannot execute null.LimbFling().
proc name: Attack (/mob/proc/Attack)
  source file: Combats2.dm,1081
  usr: (src)
  src: {NPC Alliance} Dulert Lilo (/mob/Monsters/Human/NPC/Scout)
  src.loc: Snow (728,746,1) (/turf/grounds/grass)
  call stack:
{NPC Alliance} Dulert Lilo (/mob/Monsters/Human/NPC/Scout): Attack(null)
{NPC Alliance} Dulert Lilo (/mob/Monsters/Human/NPC/Scout): Combats(null)
{NPC Alliance} Dulert Lilo (/mob/Monsters/Human/NPC/Scout): Bump(null)
{NPC Alliance} Dulert Lilo (/mob/Monsters/Human/NPC/Scout): RandomWalk(1)
{NPC Alliance} Dulert Lilo (/mob/Monsters/Human/NPC/Scout): WalkTo(1)
runtime error: Cannot execute null.SeasonsCneck().
proc name: SeasonsCneck (/proc/SeasonsCneck)
  source file: Seasons.dm,7
  usr: (src)
  src: null
  call stack:
SeasonsCneck()
Night()
NightChange()
NightChange()
runtime error: Cannot execute null.SunLight().
proc name: Entered (/turf/grounds/Entered)
  source file: Turfs.dm,139
  usr: null
  src: Snow (999,378,1) (/turf/grounds/grass)
  call stack:
Snow (999,378,1) (/turf/grounds/grass): Entered(null, Snow (998,378,1) (/turf/grounds/grass))
New(Snow (962,419,1) (/turf/grounds/grass))
runtime error: Cannot execute null.SunLight().
proc name: Entered (/turf/grounds/Entered)
  source file: Turfs.dm,139
  usr: null
  src: Snow (934,661,1) (/turf/grounds/grass)
  call stack:
Snow (934,661,1) (/turf/grounds/grass): Entered(null, Snow (933,662,1) (/turf/grounds/grass))
New(Snow (941,643,1) (/turf/grounds/grass))
runtime error: Cannot execute null.SunLight().
proc name: Entered (/turf/grounds/Entered)
  source file: Turfs.dm,139
  usr: null
  src: Snow (638,602,1) (/turf/grounds/grass)
  call stack:
Snow (638,602,1) (/turf/grounds/grass): Entered(null, Snow (638,601,1) (/turf/grounds/grass))
New(Snow (648,622,1) (/turf/grounds/grass))
runtime error: Cannot execute null.SunLight().
proc name: Entered (/turf/grounds/Entered)
  source file: Turfs.dm,139
  usr: null
  src: Snow (654,358,1) (/turf/grounds/grass)
  call stack:
Snow (654,358,1) (/turf/grounds/grass): Entered(null, Snow (655,359,1) (/turf/grounds/grass))
New(Snow (608,304,1) (/turf/grounds/grass))
runtime error: Cannot execute null.LimbFling().
proc name: Attack (/mob/proc/Attack)
  source file: Combats2.dm,734
  usr: (src)
  src: {NPC Kobolds} Rebspa Quickclaw (/mob/Monsters/Kobold/NPC/Scout)
  src.loc: Snow (958,768,1) (/turf/grounds/grass)
  call stack:
{NPC Kobolds} Rebspa Quickclaw (/mob/Monsters/Kobold/NPC/Scout): Attack(null)
{NPC Kobolds} Rebspa Quickclaw (/mob/Monsters/Kobold/NPC/Scout): Combats(null)
{NPC Kobolds} Rebspa Quickclaw (/mob/Monsters/Kobold/NPC/Scout): Bump(null)
{NPC Kobolds} Rebspa Quickclaw (/mob/Monsters/Kobold/NPC/Scout): RandomWalk(1)
{NPC Kobolds} Rebspa Quickclaw (/mob/Monsters/Kobold/NPC/Scout): WalkTo(1)
runtime error: Cannot execute null.SeasonsCneck().
proc name: SeasonsCneck (/proc/SeasonsCneck)
  source file: Seasons.dm,7
  usr: (src)
  src: null
  call stack:
SeasonsCneck()
Night()
NightChange()
NightChange()
runtime error: Cannot execute null.SeasonsCneck().
proc name: SeasonsCneck (/proc/SeasonsCneck)
  source file: Seasons.dm,7
  usr: (src)
  src: null
  call stack:
SeasonsCneck()
Night()
NightChange()
world: New()
world: New()
world: New()

Webclient users can visit this address to play:
http://www.byond.com/play/209.107.212.189:57499

Tue Sep 27 00:39:26 2016
runtime error: Cannot execute null.SeasonsCneck().
proc name: SeasonsCneck (/proc/SeasonsCneck)
  source file: Seasons.dm,7
  usr: (src)
  src: null
  call stack:
SeasonsCneck()
Night()
runtime error: Cannot execute null.LimbFling().
proc name: Attack (/mob/proc/Attack)
  source file: Combats2.dm,833
  usr: (src)
  src: {NPC Kobolds} Pleg Plem (/mob/Monsters/Kobold/NPC/Scout)
  src.loc: Snow (899,770,1) (/turf/grounds/grass)
  call stack:
{NPC Kobolds} Pleg Plem (/mob/Monsters/Kobold/NPC/Scout): Attack(null)
{NPC Kobolds} Pleg Plem (/mob/Monsters/Kobold/NPC/Scout): Combats(null)
{NPC Kobolds} Pleg Plem (/mob/Monsters/Kobold/NPC/Scout): Bump(null)
{NPC Kobolds} Pleg Plem (/mob/Monsters/Kobold/NPC/Scout): RandomWalk(1)
{NPC Kobolds} Pleg Plem (/mob/Monsters/Kobold/NPC/Scout): WalkTo(1)
runtime error: Cannot execute null.LimbFling().
proc name: Attack (/mob/proc/Attack)
  source file: Combats2.dm,946
  usr: (src)
  src: {NPC Kobolds} Pleg Plem (/mob/Monsters/Kobold/NPC/Scout)
  src.loc: Snow (903,771,1) (/turf/grounds/grass)
  call stack:
{NPC Kobolds} Pleg Plem (/mob/Monsters/Kobold/NPC/Scout): Attack(null)
{NPC Kobolds} Pleg Plem (/mob/Monsters/Kobold/NPC/Scout): Combats(null)
{NPC Kobolds} Pleg Plem (/mob/Monsters/Kobold/NPC/Scout): Bump(null)
{NPC Kobolds} Pleg Plem (/mob/Monsters/Kobold/NPC/Scout): RandomWalk(1)
{NPC Kobolds} Pleg Plem (/mob/Monsters/Kobold/NPC/Scout): WalkTo(1)
runtime error: Cannot execute null.SeasonsCneck().
proc name: SeasonsCneck (/proc/SeasonsCneck)
  source file: Seasons.dm,7
  usr: (src)
  src: null
  call stack:
SeasonsCneck()
Night()
NightChange()
world: New()
world: New()
world: New()

Webclient users can visit this address to play:
http://www.byond.com/play/209.107.212.189:57517

Tue Sep 27 00:41:10 2016
runtime error: Cannot execute null.SeasonsCneck().
proc name: SeasonsCneck (/proc/SeasonsCneck)
  source file: Seasons.dm,7
  usr: (src)
  src: null
  call stack:
SeasonsCneck()
Night()
runtime error: Cannot execute null.LimbFling().
proc name: Attack (/mob/proc/Attack)
  source file: Combats2.dm,946
  usr: (src)
  src: {NPC Kobolds} Lux Egad (/mob/Monsters/Kobold/NPC/Scout)
  src.loc: Snow (983,767,1) (/turf/grounds/grass)
  call stack:
{NPC Kobolds} Lux Egad (/mob/Monsters/Kobold/NPC/Scout): Attack(null)
{NPC Kobolds} Lux Egad (/mob/Monsters/Kobold/NPC/Scout): Combats(null)
{NPC Kobolds} Lux Egad (/mob/Monsters/Kobold/NPC/Scout): Bump(null)
{NPC Kobolds} Lux Egad (/mob/Monsters/Kobold/NPC/Scout): RandomWalk(1)
{NPC Kobolds} Lux Egad (/mob/Monsters/Kobold/NPC/Scout): WalkTo(1)
runtime error: Cannot execute null.LimbFling().
proc name: Attack (/mob/proc/Attack)
  source file: Combats2.dm,1081
  usr: (src)
  src: {NPC Kobolds} Quag Egad (/mob/Monsters/Kobold/NPC/Scout)
  src.loc: Snow (912,744,1) (/turf/grounds/grass)
  call stack:
{NPC Kobolds} Quag Egad (/mob/Monsters/Kobold/NPC/Scout): Attack(null)
{NPC Kobolds} Quag Egad (/mob/Monsters/Kobold/NPC/Scout): Combats(null)
{NPC Kobolds} Quag Egad (/mob/Monsters/Kobold/NPC/Scout): Bump(null)
{NPC Kobolds} Quag Egad (/mob/Monsters/Kobold/NPC/Scout): RandomWalk(1)
{NPC Kobolds} Quag Egad (/mob/Monsters/Kobold/NPC/Scout): WalkTo(1)
runtime error: Cannot execute null.LimbFling().
proc name: Attack (/mob/proc/Attack)
  source file: Combats2.dm,734
  usr: (src)
  src: {NPC Kobolds} Quag Egad (/mob/Monsters/Kobold/NPC/Scout)
  src.loc: Snow (913,743,1) (/turf/grounds/grass)
  call stack:
{NPC Kobolds} Quag Egad (/mob/Monsters/Kobold/NPC/Scout): Attack(null)
{NPC Kobolds} Quag Egad (/mob/Monsters/Kobold/NPC/Scout): Combats(null)
{NPC Kobolds} Quag Egad (/mob/Monsters/Kobold/NPC/Scout): Bump(null)
{NPC Kobolds} Quag Egad (/mob/Monsters/Kobold/NPC/Scout): RandomWalk(1)
{NPC Kobolds} Quag Egad (/mob/Monsters/Kobold/NPC/Scout): WalkTo(1)
runtime error: Cannot execute null.LimbFling().
proc name: Attack (/mob/proc/Attack)
  source file: Combats2.dm,734
  usr: (src)
  src: {NPC Kobolds} Lux Egad (/mob/Monsters/Kobold/NPC/Scout)
  src.loc: Snow (978,766,1) (/turf/grounds/grass)
  call stack:
{NPC Kobolds} Lux Egad (/mob/Monsters/Kobold/NPC/Scout): Attack(null)
{NPC Kobolds} Lux Egad (/mob/Monsters/Kobold/NPC/Scout): Combats(null)
{NPC Kobolds} Lux Egad (/mob/Monsters/Kobold/NPC/Scout): Bump(null)
{NPC Kobolds} Lux Egad (/mob/Monsters/Kobold/NPC/Scout): RandomWalk(1)
{NPC Kobolds} Lux Egad (/mob/Monsters/Kobold/NPC/Scout): WalkTo(1)
